<html>
<head>
<title>TestNG:  Default test</title>
<link href="../testng.css" rel="stylesheet" type="text/css" />
<link href="../my-testng.css" rel="stylesheet" type="text/css" />

<style type="text/css">
.log { display: none;} 
.stack-trace { display: none;} 
</style>
<script type="text/javascript">
<!--
function flip(e) {
  current = e.style.display;
  if (current == 'block') {
    e.style.display = 'none';
    return 0;
  }
  else {
    e.style.display = 'block';
    return 1;
  }
}

function toggleBox(szDivId, elem, msg1, msg2)
{
  var res = -1;  if (document.getElementById) {
    res = flip(document.getElementById(szDivId));
  }
  else if (document.all) {
    // this is the way old msie versions work
    res = flip(document.all[szDivId]);
  }
  if(elem) {
    if(res == 0) elem.innerHTML = msg1; else elem.innerHTML = msg2;
  }

}

function toggleAllBoxes() {
  if (document.getElementsByTagName) {
    d = document.getElementsByTagName('div');
    for (i = 0; i < d.length; i++) {
      if (d[i].className == 'log') {
        flip(d[i]);
      }
    }
  }
}

// -->
</script>

</head>
<body>
<h2 align='center'>Default test</h2><table border='1' align="center">
<tr>
<td>Tests passed/Failed/Skipped:</td><td>0/0/9</td>
</tr><tr>
<td>Started on:</td><td>Wed Jun 29 15:17:02 IST 2022</td>
</tr>
<tr><td>Total time:</td><td>0 seconds (859 ms)</td>
</tr><tr>
<td>Included groups:</td><td></td>
</tr><tr>
<td>Excluded groups:</td><td></td>
</tr>
</table><p/>
<small><i>(Hover the method name to see the test class name)</i></small><p/>
<table width='100%' border='1' class='invocation-failed'>
<tr><td colspan='4' align='center'><b>FAILED CONFIGURATIONS</b></td></tr>
<tr><td><b>Test method</b></td>
<td width="30%"><b>Exception</b></td>
<td width="10%"><b>Time (seconds)</b></td>
<td><b>Instance</b></td>
</tr>
<tr>
<td title='org.login.LoginPageTest.setUp()'><b>setUp</b><br>Test class: org.login.LoginPageTest</td>
<td><div><pre>org.testng.TestNGException: 
Parameter &apos;browsername&apos; is required by @Configuration on method setUp but has not been marked @Optional or defined
in C:\Users\Prithiv\AppData\Local\Temp\testng-eclipse--801633909\testng-customsuite.xml
	at org.testng.internal.Parameters.createParameters(Parameters.java:154)
	at org.testng.internal.Parameters.createParameters(Parameters.java:361)
	at org.testng.internal.Parameters.createConfigurationParameters(Parameters.java:84)
	at org.testng.internal.Invoker.invokeConfigurations(Invoker.java:202)
	at org.testng.internal.Invoker.invokeConfigurations(Invoker.java:143)
	at org.testng.internal.TestMethodWorker.invokeBeforeClassMethods(TestMethodWorker.java:178)
	at org.testng.internal.TestMethodWorker.run(TestMethodWorker.java:108)
	at org.testng.TestRunner.privateRun(TestRunner.java:778)
	at org.testng.TestRunner.run(TestRunner.java:632)
	at org.testng.SuiteRunner.runTest(SuiteRunner.java:366)
	at org.testng.SuiteRunner.runSequentially(SuiteRunner.java:361)
	at org.testng.SuiteRunner.privateRun(SuiteRunner.java:319)
	at org.testng.SuiteRunner.run(SuiteRunner.java:268)
	at org.testng.SuiteRunnerWorker.runSuite(SuiteRunnerWorker.java:52)
	at org.testng.SuiteRunnerWorker.run(SuiteRunnerWorker.java:86)
	at org.testng.TestNG.runSuitesSequentially(TestNG.java:1225)
	at org.testng.TestNG.runSuitesLocally(TestNG.java:1150)
	at org.testng.TestNG.runSuites(TestNG.java:1075)
	at org.testng.TestNG.run(TestNG.java:1047)
	at org.testng.remote.AbstractRemoteTestNG.run(AbstractRemoteTestNG.java:126)
	at org.testng.remote.RemoteTestNG.initAndRun(RemoteTestNG.java:137)
	at org.testng.remote.RemoteTestNG.main(RemoteTestNG.java:58)
</pre></div><a href='#' onClick='toggleBox("stack-trace1816757085", this, "Click to show all stack frames", "Click to hide stack frames")'>Click to show all stack frames</a>
<div class='stack-trace' id='stack-trace1816757085'><pre>org.testng.TestNGException: 
Parameter &apos;browsername&apos; is required by @Configuration on method setUp but has not been marked @Optional or defined
in C:\Users\Prithiv\AppData\Local\Temp\testng-eclipse--801633909\testng-customsuite.xml
	at org.testng.internal.Parameters.createParameters(Parameters.java:154)
	at org.testng.internal.Parameters.createParameters(Parameters.java:361)
	at org.testng.internal.Parameters.createConfigurationParameters(Parameters.java:84)
	at org.testng.internal.Invoker.invokeConfigurations(Invoker.java:202)
	at org.testng.internal.Invoker.invokeConfigurations(Invoker.java:143)
	at org.testng.internal.TestMethodWorker.invokeBeforeClassMethods(TestMethodWorker.java:178)
	at org.testng.internal.TestMethodWorker.run(TestMethodWorker.java:108)
	at org.testng.TestRunner.privateRun(TestRunner.java:778)
	at org.testng.TestRunner.run(TestRunner.java:632)
	at org.testng.SuiteRunner.runTest(SuiteRunner.java:366)
	at org.testng.SuiteRunner.runSequentially(SuiteRunner.java:361)
	at org.testng.SuiteRunner.privateRun(SuiteRunner.java:319)
	at org.testng.SuiteRunner.run(SuiteRunner.java:268)
	at org.testng.SuiteRunnerWorker.runSuite(SuiteRunnerWorker.java:52)
	at org.testng.SuiteRunnerWorker.run(SuiteRunnerWorker.java:86)
	at org.testng.TestNG.runSuitesSequentially(TestNG.java:1225)
	at org.testng.TestNG.runSuitesLocally(TestNG.java:1150)
	at org.testng.TestNG.runSuites(TestNG.java:1075)
	at org.testng.TestNG.run(TestNG.java:1047)
	at org.testng.remote.AbstractRemoteTestNG.run(AbstractRemoteTestNG.java:126)
	at org.testng.remote.RemoteTestNG.initAndRun(RemoteTestNG.java:137)
	at org.testng.remote.RemoteTestNG.main(RemoteTestNG.java:58)
</pre></div></td>
<td>0</td>
<td>org.login.LoginPageTest@3632be31</td></tr>
</table><p>
<table width='100%' border='1' class='invocation-skipped'>
<tr><td colspan='4' align='center'><b>SKIPPED CONFIGURATIONS</b></td></tr>
<tr><td><b>Test method</b></td>
<td width="30%"><b>Exception</b></td>
<td width="10%"><b>Time (seconds)</b></td>
<td><b>Instance</b></td>
</tr>
<tr>
<td title='org.login.LoginPageTest.tearDown()'><b>tearDown</b><br>Test class: org.login.LoginPageTest</td>
<td></td>
<td>0</td>
<td>org.login.LoginPageTest@3632be31</td></tr>
</table><p>
<table width='100%' border='1' class='invocation-skipped'>
<tr><td colspan='4' align='center'><b>SKIPPED TESTS</b></td></tr>
<tr><td><b>Test method</b></td>
<td width="30%"><b>Exception</b></td>
<td width="10%"><b>Time (seconds)</b></td>
<td><b>Instance</b></td>
</tr>
<tr>
<td title='org.login.LoginPageTest.loginTestCase()'><b>loginTestCase</b><br>Test class: org.login.LoginPageTest<br>Parameters: prithiv.nov24@gmail.com, Prithiv@24, valid</td>
<td></td>
<td>0</td>
<td>org.login.LoginPageTest@3632be31</td></tr>
<tr>
<td title='org.login.LoginPageTest.loginTestCase()'><b>loginTestCase</b><br>Test class: org.login.LoginPageTest<br>Parameters: adim@123, 12658.0, invalid</td>
<td></td>
<td>0</td>
<td>org.login.LoginPageTest@3632be31</td></tr>
<tr>
<td title='org.login.LoginPageTest.loginTestCase()'><b>loginTestCase</b><br>Test class: org.login.LoginPageTest<br>Parameters: adim@1235, 2645.0, invalid</td>
<td></td>
<td>0</td>
<td>org.login.LoginPageTest@3632be31</td></tr>
<tr>
<td title='org.login.LoginPageTest.loginTestCase()'><b>loginTestCase</b><br>Test class: org.login.LoginPageTest<br>Parameters: adim@gmail.com, 25454.0, invalid</td>
<td></td>
<td>0</td>
<td>org.login.LoginPageTest@3632be31</td></tr>
<tr>
<td title='org.login.LoginPageTest.loginTestCase()'><b>loginTestCase</b><br>Test class: org.login.LoginPageTest<br>Parameters: adm@123, 155444.0, invalid</td>
<td></td>
<td>0</td>
<td>org.login.LoginPageTest@3632be31</td></tr>
<tr>
<td title='org.login.LoginPageTest.loginTestCase()'><b>loginTestCase</b><br>Test class: org.login.LoginPageTest<br>Parameters: dim@123.com, 1548484.0, invalid</td>
<td></td>
<td>0</td>
<td>org.login.LoginPageTest@3632be31</td></tr>
<tr>
<td title='org.login.LoginPageTest.loginTestCase()'><b>loginTestCase</b><br>Test class: org.login.LoginPageTest<br>Parameters: aim@123, 4oiiu, invalid</td>
<td></td>
<td>0</td>
<td>org.login.LoginPageTest@3632be31</td></tr>
<tr>
<td title='org.login.LoginPageTest.loginTestCase()'><b>loginTestCase</b><br>Test class: org.login.LoginPageTest<br>Parameters: adi@m123, 45454pri, invalid</td>
<td></td>
<td>0</td>
<td>org.login.LoginPageTest@3632be31</td></tr>
<tr>
<td title='org.login.LoginPageTest.loginTestCase()'><b>loginTestCase</b><br>Test class: org.login.LoginPageTest<br>Parameters: prithivadim@123, pri24, invalid</td>
<td></td>
<td>0</td>
<td>org.login.LoginPageTest@3632be31</td></tr>
</table><p>
</body>
</html>